

*******************************************************************************
Fri Jun 26 12:44:45 2026


FIT:    data read from "out.times.data" using 1:2
        format = x:z
        #datapoints = 7
        residuals are weighted equally (unit weight)

function used for fitting: f(x)
	f(x) = a*x**3
fitted parameters initialized with current variable values

iter      chisq       delta/lim  lambda   a            
   0 1.1853637969e+00   0.00e+00  3.16e-02    1.000000e-09
   4 2.3918870242e-04  -2.92e-09  3.16e-06    1.402675e-08

After 4 iterations the fit converged.
final sum of squares of residuals : 0.000239189
rel. change during last iteration : -2.92368e-14

degrees of freedom    (FIT_NDF)                        : 6
rms of residuals      (FIT_STDFIT) = sqrt(WSSR/ndf)    : 0.00631386
variance of residuals (reduced chisquare) = WSSR/ndf   : 3.98648e-05

Final set of parameters            Asymptotic Standard Error
=======================            ==========================
a               = 1.40268e-08      +/- 7.555e-11    (0.5386%)
